<?xml version="1.0" ?>
<!DOCTYPE coverage SYSTEM "http://cobertura.sourceforge.net/xml/coverage-04.dtd">
<coverage line-rate="0.4667" branch-rate="0.4667" lines-covered="7" lines-valid="15" branches-covered="7" branches-valid="15" complexity="0" version="1.0" timestamp="1777318774">
  <sources>
    <source>templates</source>
  </sources>
  <packages>
    <package name="." line-rate="0.4667" branch-rate="0.4667" complexity="0">
      <classes>
        <class name="_helpers.tpl" filename="templates/_helpers.tpl" line-rate="0.8125" branch-rate="0.5556" complexity="0">
          <methods/>
          <lines>
            <line number="4" hits="1" branch="true" condition-coverage="100% (1/1)"/>
            <line number="5" hits="1" branch="false"/>
            <line number="6" hits="1" branch="false"/>
            <line number="13" hits="1" branch="true" condition-coverage="33% (1/3)"/>
            <line number="14" hits="1" branch="false"/>
            <line number="15" hits="1" branch="false"/>
            <line number="16" hits="1" branch="false"/>
            <line number="17" hits="1" branch="false"/>
            <line number="18" hits="1" branch="false"/>
            <line number="19" hits="1" branch="false"/>
            <line number="20" hits="1" branch="false"/>
            <line number="21" hits="1" branch="false"/>
            <line number="22" hits="1" branch="false"/>
            <line number="29" hits="1" branch="true" condition-coverage="100% (1/1)"/>
            <line number="30" hits="1" branch="false"/>
            <line number="31" hits="1" branch="false"/>
            <line number="36" hits="1" branch="true" condition-coverage="100% (1/1)"/>
            <line number="37" hits="1" branch="false"/>
            <line number="38" hits="1" branch="false"/>
            <line number="39" hits="1" branch="false"/>
            <line number="40" hits="1" branch="false"/>
            <line number="41" hits="1" branch="false"/>
            <line number="52" hits="1" branch="true" condition-coverage="100% (1/1)"/>
            <line number="53" hits="1" branch="false"/>
            <line number="54" hits="1" branch="false"/>
            <line number="55" hits="1" branch="false"/>
            <line number="60" hits="0" branch="true" condition-coverage="0% (0/2)"/>
            <line number="61" hits="0" branch="false"/>
            <line number="62" hits="0" branch="false"/>
            <line number="63" hits="0" branch="false"/>
            <line number="64" hits="0" branch="false"/>
            <line number="65" hits="0" branch="false"/>

          </lines>
        </class>
        <class name="deployment-activemq.yaml" filename="templates/deployment-activemq.yaml" line-rate="0.0000" branch-rate="0.0000" complexity="0">
          <methods/>
          <lines>
            <line number="16" hits="0" branch="true" condition-coverage="0% (0/1)"/>
            <line number="17" hits="0" branch="false"/>
            <line number="18" hits="0" branch="false"/>
            <line number="19" hits="0" branch="false"/>
            <line number="70" hits="0" branch="true" condition-coverage="0% (0/1)"/>
            <line number="71" hits="0" branch="false"/>
            <line number="72" hits="0" branch="false"/>
            <line number="74" hits="0" branch="true" condition-coverage="0% (0/1)"/>
            <line number="75" hits="0" branch="false"/>
            <line number="76" hits="0" branch="false"/>
            <line number="78" hits="0" branch="true" condition-coverage="0% (0/1)"/>
            <line number="79" hits="0" branch="false"/>
            <line number="80" hits="0" branch="false"/>

          </lines>
        </class>
        <class name="pvc-activemq.yaml" filename="templates/pvc-activemq.yaml" line-rate="1.0000" branch-rate="1.0000" complexity="0">
          <methods/>
          <lines>
            <line number="1" hits="1" branch="true" condition-coverage="100% (1/1)"/>
            <line number="2" hits="1" branch="false"/>

          </lines>
        </class>
        <class name="secret-activemq.yaml" filename="templates/secret-activemq.yaml" line-rate="1.0000" branch-rate="1.0000" complexity="0">
          <methods/>
          <lines>
            <line number="1" hits="1" branch="true" condition-coverage="100% (1/1)"/>
            <line number="2" hits="1" branch="false"/>
            <line number="3" hits="1" branch="false"/>
            <line number="4" hits="1" branch="false"/>
            <line number="5" hits="1" branch="false"/>
            <line number="6" hits="1" branch="false"/>
            <line number="7" hits="1" branch="false"/>
            <line number="8" hits="1" branch="false"/>
            <line number="9" hits="1" branch="false"/>
            <line number="10" hits="1" branch="false"/>
            <line number="11" hits="1" branch="false"/>

          </lines>
        </class>
      </classes>
    </package>
  </packages>
</coverage>
