<?xml version="1.0" ?>
<!DOCTYPE coverage SYSTEM "http://cobertura.sourceforge.net/xml/coverage-04.dtd">
<coverage line-rate="0.6452" branch-rate="0.6452" lines-covered="20" lines-valid="31" branches-covered="20" branches-valid="31" complexity="0" version="1.0" timestamp="1777321263">
  <sources>
    <source>templates</source>
  </sources>
  <packages>
    <package name="." line-rate="0.6452" branch-rate="0.6452" complexity="0">
      <classes>
        <class name="_helpers-activemq.tpl" filename="templates/_helpers-activemq.tpl" line-rate="1.0000" branch-rate="1.0000" complexity="0">
          <methods/>
          <lines>
            <line number="6" hits="1" branch="true" condition-coverage="100% (1/1)"/>
            <line number="7" hits="1" branch="false"/>
            <line number="8" hits="1" branch="false"/>
            <line number="15" hits="1" branch="true" condition-coverage="100% (1/1)"/>
            <line number="16" hits="1" branch="false"/>
            <line number="17" hits="1" branch="false"/>
            <line number="18" hits="1" branch="false"/>
            <line number="19" hits="1" branch="false"/>
            <line number="20" hits="1" branch="false"/>
            <line number="21" hits="1" branch="false"/>
            <line number="22" hits="1" branch="false"/>
            <line number="23" hits="1" branch="false"/>
            <line number="24" hits="1" branch="false"/>
            <line number="32" hits="1" branch="true" condition-coverage="100% (1/1)"/>
            <line number="33" hits="1" branch="false"/>
            <line number="34" hits="1" branch="false"/>
            <line number="35" hits="1" branch="false"/>
            <line number="36" hits="1" branch="false"/>
            <line number="37" hits="1" branch="false"/>
            <line number="38" hits="1" branch="false"/>
            <line number="39" hits="1" branch="false"/>
            <line number="40" hits="1" branch="false"/>
            <line number="41" hits="1" branch="false"/>
            <line number="42" hits="1" branch="false"/>
            <line number="43" hits="1" branch="false"/>
            <line number="44" hits="1" branch="false"/>
            <line number="45" hits="1" branch="false"/>
            <line number="46" hits="1" branch="false"/>

          </lines>
        </class>
        <class name="_helpers-elasticsearch.tpl" filename="templates/_helpers-elasticsearch.tpl" line-rate="1.0000" branch-rate="1.0000" complexity="0">
          <methods/>
          <lines>
            <line number="6" hits="1" branch="true" condition-coverage="100% (1/1)"/>
            <line number="7" hits="1" branch="false"/>
            <line number="8" hits="1" branch="false"/>
            <line number="9" hits="1" branch="false"/>
            <line number="10" hits="1" branch="false"/>
            <line number="11" hits="1" branch="false"/>
            <line number="12" hits="1" branch="false"/>
            <line number="13" hits="1" branch="false"/>
            <line number="14" hits="1" branch="false"/>
            <line number="15" hits="1" branch="false"/>
            <line number="23" hits="1" branch="true" condition-coverage="100% (1/1)"/>
            <line number="24" hits="1" branch="false"/>
            <line number="25" hits="1" branch="false"/>
            <line number="26" hits="1" branch="false"/>
            <line number="27" hits="1" branch="false"/>
            <line number="28" hits="1" branch="false"/>
            <line number="29" hits="1" branch="false"/>
            <line number="30" hits="1" branch="false"/>
            <line number="31" hits="1" branch="false"/>
            <line number="32" hits="1" branch="false"/>
            <line number="33" hits="1" branch="false"/>
            <line number="34" hits="1" branch="false"/>
            <line number="35" hits="1" branch="false"/>
            <line number="36" hits="1" branch="false"/>
            <line number="37" hits="1" branch="false"/>

          </lines>
        </class>
        <class name="_helpers.tpl" filename="templates/_helpers.tpl" line-rate="0.9375" branch-rate="0.6667" complexity="0">
          <methods/>
          <lines>
            <line number="4" hits="1" branch="true" condition-coverage="100% (1/1)"/>
            <line number="5" hits="1" branch="false"/>
            <line number="6" hits="1" branch="false"/>
            <line number="13" hits="1" branch="true" condition-coverage="33% (1/3)"/>
            <line number="14" hits="1" branch="false"/>
            <line number="15" hits="1" branch="false"/>
            <line number="16" hits="1" branch="false"/>
            <line number="17" hits="1" branch="false"/>
            <line number="18" hits="1" branch="false"/>
            <line number="19" hits="1" branch="false"/>
            <line number="20" hits="1" branch="false"/>
            <line number="21" hits="1" branch="false"/>
            <line number="22" hits="1" branch="false"/>
            <line number="29" hits="1" branch="true" condition-coverage="100% (1/1)"/>
            <line number="30" hits="1" branch="false"/>
            <line number="31" hits="1" branch="false"/>
            <line number="36" hits="1" branch="true" condition-coverage="100% (1/1)"/>
            <line number="37" hits="1" branch="false"/>
            <line number="38" hits="1" branch="false"/>
            <line number="39" hits="1" branch="false"/>
            <line number="40" hits="1" branch="false"/>
            <line number="41" hits="1" branch="false"/>
            <line number="52" hits="1" branch="true" condition-coverage="100% (1/1)"/>
            <line number="53" hits="1" branch="false"/>
            <line number="54" hits="1" branch="false"/>
            <line number="55" hits="1" branch="false"/>
            <line number="60" hits="1" branch="true" condition-coverage="50% (1/2)"/>
            <line number="61" hits="1" branch="false"/>
            <line number="62" hits="1" branch="false"/>
            <line number="63" hits="1" branch="false"/>
            <line number="64" hits="0" branch="false"/>
            <line number="65" hits="0" branch="false"/>

          </lines>
        </class>
        <class name="configmap-es.yaml" filename="templates/configmap-es.yaml" line-rate="1.0000" branch-rate="1.0000" complexity="0">
          <methods/>
          <lines>
            <line number="1" hits="1" branch="true" condition-coverage="100% (1/1)"/>
            <line number="2" hits="1" branch="true" condition-coverage="100% (1/1)"/>
            <line number="3" hits="1" branch="false"/>
            <line number="4" hits="1" branch="false"/>
            <line number="5" hits="1" branch="false"/>
            <line number="6" hits="1" branch="false"/>
            <line number="7" hits="1" branch="false"/>
            <line number="8" hits="1" branch="false"/>
            <line number="9" hits="1" branch="false"/>
            <line number="10" hits="1" branch="false"/>
            <line number="11" hits="1" branch="false"/>
            <line number="12" hits="1" branch="false"/>
            <line number="13" hits="1" branch="false"/>
            <line number="14" hits="1" branch="false"/>
            <line number="15" hits="1" branch="false"/>
            <line number="16" hits="1" branch="false"/>

          </lines>
        </class>
        <class name="configmap-mq.yaml" filename="templates/configmap-mq.yaml" line-rate="1.0000" branch-rate="1.0000" complexity="0">
          <methods/>
          <lines>
            <line number="1" hits="1" branch="true" condition-coverage="100% (1/1)"/>
            <line number="2" hits="1" branch="false"/>
            <line number="3" hits="1" branch="false"/>
            <line number="4" hits="1" branch="false"/>
            <line number="5" hits="1" branch="false"/>
            <line number="6" hits="1" branch="false"/>
            <line number="7" hits="1" branch="false"/>
            <line number="8" hits="1" branch="false"/>
            <line number="9" hits="1" branch="false"/>
            <line number="10" hits="1" branch="false"/>

          </lines>
        </class>
        <class name="deployment.yaml" filename="templates/deployment.yaml" line-rate="0.1364" branch-rate="0.1250" complexity="0">
          <methods/>
          <lines>
            <line number="15" hits="0" branch="true" condition-coverage="0% (0/1)"/>
            <line number="16" hits="0" branch="false"/>
            <line number="20" hits="0" branch="true" condition-coverage="0% (0/1)"/>
            <line number="21" hits="0" branch="false"/>
            <line number="41" hits="1" branch="true" condition-coverage="100% (1/1)"/>
            <line number="42" hits="1" branch="false"/>
            <line number="43" hits="1" branch="false"/>
            <line number="51" hits="0" branch="true" condition-coverage="0% (0/1)"/>
            <line number="52" hits="0" branch="false"/>
            <line number="53" hits="0" branch="false"/>
            <line number="55" hits="0" branch="true" condition-coverage="0% (0/1)"/>
            <line number="56" hits="0" branch="false"/>
            <line number="57" hits="0" branch="false"/>
            <line number="59" hits="0" branch="true" condition-coverage="0% (0/1)"/>
            <line number="60" hits="0" branch="false"/>
            <line number="61" hits="0" branch="false"/>
            <line number="63" hits="0" branch="true" condition-coverage="0% (0/1)"/>
            <line number="64" hits="0" branch="false"/>
            <line number="65" hits="0" branch="false"/>
            <line number="67" hits="0" branch="true" condition-coverage="0% (0/1)"/>
            <line number="68" hits="0" branch="false"/>
            <line number="69" hits="0" branch="false"/>

          </lines>
        </class>
        <class name="secret-es.yaml" filename="templates/secret-es.yaml" line-rate="1.0000" branch-rate="1.0000" complexity="0">
          <methods/>
          <lines>
            <line number="1" hits="1" branch="true" condition-coverage="100% (1/1)"/>
            <line number="2" hits="1" branch="true" condition-coverage="100% (1/1)"/>
            <line number="3" hits="1" branch="false"/>
            <line number="4" hits="1" branch="false"/>
            <line number="5" hits="1" branch="false"/>
            <line number="6" hits="1" branch="false"/>
            <line number="7" hits="1" branch="false"/>
            <line number="8" hits="1" branch="false"/>
            <line number="9" hits="1" branch="false"/>
            <line number="10" hits="1" branch="false"/>
            <line number="11" hits="1" branch="false"/>
            <line number="12" hits="1" branch="false"/>
            <line number="13" hits="1" branch="false"/>
            <line number="14" hits="1" branch="false"/>

          </lines>
        </class>
        <class name="secret-mq.yaml" filename="templates/secret-mq.yaml" line-rate="1.0000" branch-rate="1.0000" complexity="0">
          <methods/>
          <lines>
            <line number="1" hits="1" branch="true" condition-coverage="100% (1/1)"/>
            <line number="2" hits="1" branch="true" condition-coverage="100% (1/1)"/>
            <line number="3" hits="1" branch="false"/>
            <line number="4" hits="1" branch="false"/>
            <line number="5" hits="1" branch="false"/>
            <line number="6" hits="1" branch="false"/>
            <line number="7" hits="1" branch="false"/>
            <line number="8" hits="1" branch="false"/>
            <line number="9" hits="1" branch="false"/>
            <line number="10" hits="1" branch="false"/>
            <line number="11" hits="1" branch="false"/>
            <line number="12" hits="1" branch="false"/>
            <line number="13" hits="1" branch="false"/>
            <line number="14" hits="1" branch="false"/>

          </lines>
        </class>
        <class name="serviceaccount.yaml" filename="templates/serviceaccount.yaml" line-rate="1.0000" branch-rate="0.5000" complexity="0">
          <methods/>
          <lines>
            <line number="1" hits="1" branch="true" condition-coverage="100% (1/1)"/>
            <line number="2" hits="1" branch="false"/>
            <line number="3" hits="1" branch="false"/>
            <line number="4" hits="1" branch="false"/>
            <line number="5" hits="1" branch="false"/>
            <line number="6" hits="1" branch="false"/>
            <line number="7" hits="1" branch="false"/>
            <line number="8" hits="1" branch="true" condition-coverage="0% (0/1)"/>
            <line number="9" hits="1" branch="false"/>
            <line number="10" hits="1" branch="false"/>
            <line number="11" hits="1" branch="false"/>
            <line number="12" hits="1" branch="false"/>

          </lines>
        </class>
      </classes>
    </package>
  </packages>
</coverage>
