<?xml version="1.0" ?>
<!DOCTYPE coverage SYSTEM "http://cobertura.sourceforge.net/xml/coverage-04.dtd">
<coverage line-rate="0.5200" branch-rate="0.5200" lines-covered="13" lines-valid="25" branches-covered="13" branches-valid="25" complexity="0" version="1.0" timestamp="1777317539">
  <sources>
    <source>templates</source>
  </sources>
  <packages>
    <package name="." line-rate="0.5200" branch-rate="0.5200" complexity="0">
      <classes>
        <class name="_helpers-env.tpl" filename="templates/_helpers-env.tpl" line-rate="0.0000" branch-rate="0.0000" complexity="0">
          <methods/>
          <lines>
            <line number="4" hits="0" branch="true" condition-coverage="0% (0/1)"/>
            <line number="5" hits="0" branch="false"/>
            <line number="6" hits="0" branch="false"/>
            <line number="7" hits="0" branch="false"/>
            <line number="8" hits="0" branch="false"/>
            <line number="9" hits="0" branch="false"/>
            <line number="10" hits="0" branch="false"/>
            <line number="11" hits="0" branch="false"/>
            <line number="12" hits="0" branch="false"/>
            <line number="13" hits="0" branch="false"/>
            <line number="14" hits="0" branch="false"/>
            <line number="15" hits="0" branch="false"/>
            <line number="16" hits="0" branch="false"/>
            <line number="17" hits="0" branch="false"/>
            <line number="18" hits="0" branch="false"/>
            <line number="19" hits="0" branch="false"/>
            <line number="20" hits="0" branch="false"/>

          </lines>
        </class>
        <class name="_helpers.tpl" filename="templates/_helpers.tpl" line-rate="0.9375" branch-rate="0.6667" complexity="0">
          <methods/>
          <lines>
            <line number="4" hits="1" branch="true" condition-coverage="100% (1/1)"/>
            <line number="5" hits="1" branch="false"/>
            <line number="6" hits="1" branch="false"/>
            <line number="13" hits="1" branch="true" condition-coverage="33% (1/3)"/>
            <line number="14" hits="1" branch="false"/>
            <line number="15" hits="1" branch="false"/>
            <line number="16" hits="1" branch="false"/>
            <line number="17" hits="1" branch="false"/>
            <line number="18" hits="1" branch="false"/>
            <line number="19" hits="1" branch="false"/>
            <line number="20" hits="1" branch="false"/>
            <line number="21" hits="1" branch="false"/>
            <line number="22" hits="1" branch="false"/>
            <line number="29" hits="1" branch="true" condition-coverage="100% (1/1)"/>
            <line number="30" hits="1" branch="false"/>
            <line number="31" hits="1" branch="false"/>
            <line number="36" hits="1" branch="true" condition-coverage="100% (1/1)"/>
            <line number="37" hits="1" branch="false"/>
            <line number="38" hits="1" branch="false"/>
            <line number="39" hits="1" branch="false"/>
            <line number="40" hits="1" branch="false"/>
            <line number="41" hits="1" branch="false"/>
            <line number="52" hits="1" branch="true" condition-coverage="100% (1/1)"/>
            <line number="53" hits="1" branch="false"/>
            <line number="54" hits="1" branch="false"/>
            <line number="55" hits="1" branch="false"/>
            <line number="60" hits="1" branch="true" condition-coverage="50% (1/2)"/>
            <line number="61" hits="1" branch="false"/>
            <line number="62" hits="1" branch="false"/>
            <line number="63" hits="1" branch="false"/>
            <line number="64" hits="0" branch="false"/>
            <line number="65" hits="0" branch="false"/>

          </lines>
        </class>
        <class name="config-connector-ms365.yaml" filename="templates/config-connector-ms365.yaml" line-rate="1.0000" branch-rate="1.0000" complexity="0">
          <methods/>
          <lines>
            <line number="2" hits="1" branch="true" condition-coverage="100% (1/1)"/>
            <line number="3" hits="1" branch="false"/>
            <line number="4" hits="1" branch="false"/>
            <line number="5" hits="1" branch="false"/>
            <line number="6" hits="1" branch="false"/>
            <line number="7" hits="1" branch="false"/>
            <line number="8" hits="1" branch="false"/>
            <line number="9" hits="1" branch="false"/>
            <line number="10" hits="1" branch="false"/>
            <line number="11" hits="1" branch="false"/>
            <line number="12" hits="1" branch="false"/>

          </lines>
        </class>
        <class name="deployment-connector-ms365.yaml" filename="templates/deployment-connector-ms365.yaml" line-rate="0.2727" branch-rate="0.2500" complexity="0">
          <methods/>
          <lines>
            <line number="20" hits="0" branch="true" condition-coverage="0% (0/1)"/>
            <line number="21" hits="0" branch="false"/>
            <line number="44" hits="0" branch="true" condition-coverage="0% (0/1)"/>
            <line number="45" hits="0" branch="false"/>
            <line number="46" hits="0" branch="false"/>
            <line number="48" hits="1" branch="true" condition-coverage="100% (1/1)"/>
            <line number="49" hits="1" branch="false"/>
            <line number="50" hits="1" branch="false"/>
            <line number="52" hits="0" branch="true" condition-coverage="0% (0/1)"/>
            <line number="53" hits="0" branch="false"/>
            <line number="54" hits="0" branch="false"/>

          </lines>
        </class>
        <class name="ingress-conector-ms365.yaml" filename="templates/ingress-conector-ms365.yaml" line-rate="1.0000" branch-rate="0.5000" complexity="0">
          <methods/>
          <lines>
            <line number="1" hits="1" branch="true" condition-coverage="100% (1/1)"/>
            <line number="2" hits="1" branch="false"/>
            <line number="3" hits="1" branch="false"/>
            <line number="4" hits="1" branch="false"/>
            <line number="5" hits="1" branch="false"/>
            <line number="6" hits="1" branch="false"/>
            <line number="7" hits="1" branch="false"/>
            <line number="8" hits="1" branch="false"/>
            <line number="9" hits="1" branch="false"/>
            <line number="10" hits="1" branch="false"/>
            <line number="11" hits="1" branch="true" condition-coverage="100% (1/1)"/>
            <line number="12" hits="1" branch="true" condition-coverage="0% (0/1)"/>
            <line number="13" hits="1" branch="false"/>
            <line number="14" hits="1" branch="false"/>
            <line number="15" hits="1" branch="false"/>
            <line number="16" hits="1" branch="false"/>
            <line number="17" hits="1" branch="false"/>
            <line number="18" hits="1" branch="false"/>
            <line number="19" hits="1" branch="true" condition-coverage="0% (0/1)"/>
            <line number="20" hits="1" branch="false"/>
            <line number="21" hits="1" branch="true" condition-coverage="0% (0/1)"/>
            <line number="22" hits="1" branch="false"/>
            <line number="23" hits="1" branch="true" condition-coverage="0% (0/1)"/>
            <line number="24" hits="1" branch="false"/>
            <line number="25" hits="1" branch="false"/>
            <line number="26" hits="1" branch="false"/>
            <line number="27" hits="1" branch="false"/>
            <line number="28" hits="1" branch="false"/>
            <line number="29" hits="1" branch="false"/>
            <line number="30" hits="1" branch="true" condition-coverage="100% (1/1)"/>
            <line number="31" hits="1" branch="false"/>
            <line number="32" hits="1" branch="false"/>
            <line number="33" hits="1" branch="false"/>
            <line number="34" hits="1" branch="true" condition-coverage="100% (1/1)"/>
            <line number="35" hits="1" branch="false"/>
            <line number="36" hits="1" branch="false"/>
            <line number="37" hits="1" branch="false"/>
            <line number="38" hits="1" branch="false"/>
            <line number="39" hits="1" branch="false"/>
            <line number="40" hits="1" branch="false"/>
            <line number="41" hits="1" branch="false"/>
            <line number="42" hits="1" branch="false"/>
            <line number="43" hits="1" branch="false"/>

          </lines>
        </class>
        <class name="serviceaccount.yaml" filename="templates/serviceaccount.yaml" line-rate="1.0000" branch-rate="0.5000" complexity="0">
          <methods/>
          <lines>
            <line number="1" hits="1" branch="true" condition-coverage="100% (1/1)"/>
            <line number="2" hits="1" branch="false"/>
            <line number="3" hits="1" branch="false"/>
            <line number="4" hits="1" branch="false"/>
            <line number="5" hits="1" branch="false"/>
            <line number="6" hits="1" branch="false"/>
            <line number="7" hits="1" branch="false"/>
            <line number="8" hits="1" branch="true" condition-coverage="0% (0/1)"/>
            <line number="9" hits="1" branch="false"/>
            <line number="10" hits="1" branch="false"/>
            <line number="11" hits="1" branch="false"/>

          </lines>
        </class>
      </classes>
    </package>
  </packages>
</coverage>
