<?xml version="1.0" ?>
<!DOCTYPE coverage SYSTEM "http://cobertura.sourceforge.net/xml/coverage-04.dtd">
<coverage line-rate="0.6000" branch-rate="0.6000" lines-covered="21" lines-valid="35" branches-covered="21" branches-valid="35" complexity="0" version="1.0" timestamp="1777307991">
  <sources>
    <source>templates</source>
  </sources>
  <packages>
    <package name="." line-rate="0.6000" branch-rate="0.6000" complexity="0">
      <classes>
        <class name="_helpers-database.tpl" filename="templates/_helpers-database.tpl" line-rate="0.0000" branch-rate="0.0000" complexity="0">
          <methods/>
          <lines>
            <line number="7" hits="0" branch="true" condition-coverage="0% (0/1)"/>
            <line number="8" hits="0" branch="false"/>
            <line number="9" hits="0" branch="false"/>
            <line number="10" hits="0" branch="false"/>
            <line number="11" hits="0" branch="false"/>
            <line number="12" hits="0" branch="false"/>

          </lines>
        </class>
        <class name="_helpers-name.tpl" filename="templates/_helpers-name.tpl" line-rate="1.0000" branch-rate="1.0000" complexity="0">
          <methods/>
          <lines>
            <line number="1" hits="1" branch="true" condition-coverage="100% (1/1)"/>
            <line number="2" hits="1" branch="false"/>
            <line number="3" hits="1" branch="false"/>
            <line number="4" hits="1" branch="false"/>

          </lines>
        </class>
        <class name="_helpers-workarounds.tpl" filename="templates/_helpers-workarounds.tpl" line-rate="1.0000" branch-rate="1.0000" complexity="0">
          <methods/>
          <lines>
            <line number="9" hits="1" branch="true" condition-coverage="100% (1/1)"/>
            <line number="10" hits="1" branch="false"/>
            <line number="11" hits="1" branch="false"/>
            <line number="12" hits="1" branch="false"/>
            <line number="13" hits="1" branch="false"/>
            <line number="14" hits="1" branch="false"/>

          </lines>
        </class>
        <class name="_helpers.tpl" filename="templates/_helpers.tpl" line-rate="1.0000" branch-rate="0.7143" complexity="0">
          <methods/>
          <lines>
            <line number="4" hits="1" branch="true" condition-coverage="100% (1/1)"/>
            <line number="5" hits="1" branch="false"/>
            <line number="6" hits="1" branch="false"/>
            <line number="13" hits="1" branch="true" condition-coverage="33% (1/3)"/>
            <line number="14" hits="1" branch="false"/>
            <line number="15" hits="1" branch="false"/>
            <line number="16" hits="1" branch="false"/>
            <line number="17" hits="1" branch="false"/>
            <line number="18" hits="1" branch="false"/>
            <line number="19" hits="1" branch="false"/>
            <line number="20" hits="1" branch="false"/>
            <line number="21" hits="1" branch="false"/>
            <line number="22" hits="1" branch="false"/>
            <line number="29" hits="1" branch="true" condition-coverage="100% (1/1)"/>
            <line number="30" hits="1" branch="false"/>
            <line number="31" hits="1" branch="false"/>
            <line number="36" hits="1" branch="true" condition-coverage="100% (1/1)"/>
            <line number="37" hits="1" branch="false"/>
            <line number="38" hits="1" branch="false"/>
            <line number="39" hits="1" branch="false"/>
            <line number="40" hits="1" branch="false"/>
            <line number="41" hits="1" branch="false"/>
            <line number="52" hits="1" branch="true" condition-coverage="100% (1/1)"/>
            <line number="53" hits="1" branch="false"/>
            <line number="54" hits="1" branch="false"/>
            <line number="55" hits="1" branch="false"/>

          </lines>
        </class>
        <class name="configmap-database.yaml" filename="templates/configmap-database.yaml" line-rate="1.0000" branch-rate="1.0000" complexity="0">
          <methods/>
          <lines>
            <line number="1" hits="1" branch="true" condition-coverage="100% (1/1)"/>
            <line number="2" hits="1" branch="true" condition-coverage="100% (1/1)"/>
            <line number="3" hits="1" branch="false"/>
            <line number="4" hits="1" branch="false"/>
            <line number="5" hits="1" branch="false"/>
            <line number="6" hits="1" branch="false"/>
            <line number="7" hits="1" branch="false"/>
            <line number="8" hits="1" branch="false"/>
            <line number="9" hits="1" branch="false"/>
            <line number="10" hits="1" branch="false"/>
            <line number="11" hits="1" branch="false"/>
            <line number="12" hits="1" branch="false"/>

          </lines>
        </class>
        <class name="configmap.yaml" filename="templates/configmap.yaml" line-rate="1.0000" branch-rate="1.0000" complexity="0">
          <methods/>
          <lines>
            <line number="8" hits="1" branch="true" condition-coverage="100% (1/1)"/>
            <line number="9" hits="1" branch="true" condition-coverage="100% (1/1)"/>
            <line number="10" hits="1" branch="true" condition-coverage="100% (1/1)"/>
            <line number="11" hits="1" branch="false"/>
            <line number="12" hits="1" branch="true" condition-coverage="100% (1/1)"/>
            <line number="13" hits="1" branch="false"/>
            <line number="14" hits="1" branch="false"/>
            <line number="15" hits="1" branch="false"/>

          </lines>
        </class>
        <class name="deployment.yaml" filename="templates/deployment.yaml" line-rate="0.5000" branch-rate="0.1111" complexity="0">
          <methods/>
          <lines>
            <line number="14" hits="0" branch="true" condition-coverage="0% (0/1)"/>
            <line number="15" hits="0" branch="false"/>
            <line number="16" hits="0" branch="false"/>
            <line number="20" hits="0" branch="true" condition-coverage="0% (0/1)"/>
            <line number="21" hits="0" branch="false"/>
            <line number="32" hits="1" branch="true" condition-coverage="100% (1/1)"/>
            <line number="33" hits="1" branch="false"/>
            <line number="34" hits="1" branch="false"/>
            <line number="35" hits="1" branch="false"/>
            <line number="36" hits="1" branch="false"/>
            <line number="37" hits="1" branch="false"/>
            <line number="38" hits="1" branch="false"/>
            <line number="39" hits="1" branch="false"/>
            <line number="40" hits="1" branch="false"/>
            <line number="41" hits="1" branch="false"/>
            <line number="42" hits="1" branch="false"/>
            <line number="43" hits="1" branch="false"/>
            <line number="44" hits="1" branch="false"/>
            <line number="45" hits="1" branch="false"/>
            <line number="46" hits="1" branch="false"/>
            <line number="47" hits="1" branch="false"/>
            <line number="48" hits="1" branch="false"/>
            <line number="49" hits="1" branch="false"/>
            <line number="50" hits="1" branch="false"/>
            <line number="51" hits="1" branch="false"/>
            <line number="52" hits="1" branch="false"/>
            <line number="53" hits="1" branch="false"/>
            <line number="54" hits="1" branch="false"/>
            <line number="59" hits="0" branch="true" condition-coverage="0% (0/1)"/>
            <line number="60" hits="0" branch="false"/>
            <line number="61" hits="0" branch="false"/>
            <line number="83" hits="0" branch="true" condition-coverage="0% (0/1)"/>
            <line number="84" hits="0" branch="false"/>
            <line number="85" hits="0" branch="false"/>
            <line number="87" hits="0" branch="true" condition-coverage="0% (0/1)"/>
            <line number="88" hits="0" branch="false"/>
            <line number="89" hits="0" branch="false"/>
            <line number="91" hits="0" branch="true" condition-coverage="0% (0/1)"/>
            <line number="92" hits="0" branch="false"/>
            <line number="93" hits="0" branch="false"/>
            <line number="95" hits="0" branch="true" condition-coverage="0% (0/1)"/>
            <line number="96" hits="0" branch="false"/>
            <line number="97" hits="0" branch="false"/>
            <line number="99" hits="0" branch="true" condition-coverage="0% (0/1)"/>
            <line number="100" hits="0" branch="false"/>
            <line number="101" hits="0" branch="false"/>

          </lines>
        </class>
        <class name="ingress.yaml" filename="templates/ingress.yaml" line-rate="1.0000" branch-rate="0.6250" complexity="0">
          <methods/>
          <lines>
            <line number="1" hits="1" branch="true" condition-coverage="100% (1/1)"/>
            <line number="2" hits="1" branch="false"/>
            <line number="3" hits="1" branch="false"/>
            <line number="4" hits="1" branch="false"/>
            <line number="5" hits="1" branch="false"/>
            <line number="6" hits="1" branch="false"/>
            <line number="7" hits="1" branch="false"/>
            <line number="8" hits="1" branch="false"/>
            <line number="9" hits="1" branch="false"/>
            <line number="10" hits="1" branch="false"/>
            <line number="11" hits="1" branch="true" condition-coverage="100% (1/1)"/>
            <line number="12" hits="1" branch="false"/>
            <line number="13" hits="1" branch="false"/>
            <line number="14" hits="1" branch="false"/>
            <line number="15" hits="1" branch="false"/>
            <line number="16" hits="1" branch="false"/>
            <line number="17" hits="1" branch="true" condition-coverage="0% (0/1)"/>
            <line number="18" hits="1" branch="false"/>
            <line number="19" hits="1" branch="true" condition-coverage="0% (0/1)"/>
            <line number="20" hits="1" branch="false"/>
            <line number="21" hits="1" branch="true" condition-coverage="0% (0/1)"/>
            <line number="22" hits="1" branch="false"/>
            <line number="23" hits="1" branch="false"/>
            <line number="24" hits="1" branch="false"/>
            <line number="25" hits="1" branch="false"/>
            <line number="26" hits="1" branch="false"/>
            <line number="27" hits="1" branch="false"/>
            <line number="28" hits="1" branch="true" condition-coverage="100% (1/1)"/>
            <line number="29" hits="1" branch="false"/>
            <line number="30" hits="1" branch="false"/>
            <line number="31" hits="1" branch="false"/>
            <line number="32" hits="1" branch="true" condition-coverage="100% (1/1)"/>
            <line number="33" hits="1" branch="false"/>
            <line number="34" hits="1" branch="true" condition-coverage="100% (1/1)"/>
            <line number="35" hits="1" branch="false"/>
            <line number="36" hits="1" branch="false"/>
            <line number="37" hits="1" branch="false"/>
            <line number="38" hits="1" branch="false"/>
            <line number="39" hits="1" branch="false"/>
            <line number="40" hits="1" branch="false"/>
            <line number="41" hits="1" branch="false"/>
            <line number="42" hits="1" branch="false"/>
            <line number="43" hits="1" branch="false"/>

          </lines>
        </class>
        <class name="secret-database.yaml" filename="templates/secret-database.yaml" line-rate="1.0000" branch-rate="1.0000" complexity="0">
          <methods/>
          <lines>
            <line number="1" hits="1" branch="true" condition-coverage="100% (1/1)"/>
            <line number="2" hits="1" branch="true" condition-coverage="100% (1/1)"/>
            <line number="3" hits="1" branch="false"/>
            <line number="4" hits="1" branch="false"/>
            <line number="5" hits="1" branch="false"/>
            <line number="6" hits="1" branch="false"/>
            <line number="7" hits="1" branch="false"/>
            <line number="8" hits="1" branch="false"/>
            <line number="9" hits="1" branch="false"/>
            <line number="10" hits="1" branch="false"/>
            <line number="11" hits="1" branch="false"/>
            <line number="12" hits="1" branch="false"/>
            <line number="13" hits="1" branch="false"/>
            <line number="14" hits="1" branch="false"/>

          </lines>
        </class>
      </classes>
    </package>
  </packages>
</coverage>
